{"D:\\XUEXI\\NODE_JS\\bilibili_hamo\\00_web\\engineering\\src\\indes.ts": {"path":"D:\\XUEXI\\NODE_JS\\bilibili_hamo\\00_web\\engineering\\src\\indes.ts","all":false,"statementMap":{"0":{"start":{"line":1,"column":0},"end":{"line":1,"column":48}},"1":{"start":{"line":2,"column":0},"end":{"line":2,"column":14}},"2":{"start":{"line":3,"column":0},"end":{"line":3,"column":1}},"3":{"start":{"line":4,"column":0},"end":{"line":4,"column":27}},"4":{"start":{"line":5,"column":0},"end":{"line":5,"column":0}},"5":{"start":{"line":6,"column":0},"end":{"line":6,"column":19}}},"s":{"0":1,"1":2,"2":2,"3":1,"4":1,"5":1},"branchMap":{"0":{"type":"branch","line":1,"loc":{"start":{"line":1,"column":13},"end":{"line":3,"column":1}},"locations":[{"start":{"line":1,"column":13},"end":{"line":3,"column":1}}]}},"b":{"0":[2]},"fnMap":{"0":{"name":"calc","decl":{"start":{"line":1,"column":13},"end":{"line":3,"column":1}},"loc":{"start":{"line":1,"column":13},"end":{"line":3,"column":1}},"line":1}},"f":{"0":2}}
}
